2012-03-14T09:05:59-05:00 CRIT (2): Decoding failed: Syntax error
> #0 C:\apps\productionToolsV2\application\controllers\WorkOrderController.php(167): Zend_Json::decode('{"status":"succ...', 0)
> #1 C:\apps\productionToolsV2\library\Zend\Controller\Action.php(516): WorkOrderController->indexAction()
> #2 C:\apps\productionToolsV2\library\Zend\Controller\Dispatcher\Standard.php(295): Zend_Controller_Action->dispatch('indexAction')
> #3 C:\apps\productionToolsV2\library\Zend\Controller\Front.php(954): Zend_Controller_Dispatcher_Standard->dispatch(Object(Zend_Controller_Request_Http), Object(Zend_Controller_Response_Http))
> #4 C:\apps\productionToolsV2\library\Zend\Application\Bootstrap\Bootstrap.php(97): Zend_Controller_Front->dispatch()
> #5 C:\apps\productionToolsV2\library\Zend\Application.php(366): Zend_Application_Bootstrap_Bootstrap->run()
> #6 C:\apps\productionToolsV2\public\index.php(40): Zend_Application->run()
> #7 {main}
---------------------------------------------------------------------------
2012-03-14T09:06:20-05:00 CRIT (2): Decoding failed: Syntax error
> #0 C:\apps\productionToolsV2\application\controllers\WorkOrderController.php(167): Zend_Json::decode('{"status":"succ...', 0)
> #1 C:\apps\productionToolsV2\library\Zend\Controller\Action.php(516): WorkOrderController->indexAction()
> #2 C:\apps\productionToolsV2\library\Zend\Controller\Dispatcher\Standard.php(295): Zend_Controller_Action->dispatch('indexAction')
> #3 C:\apps\productionToolsV2\library\Zend\Controller\Front.php(954): Zend_Controller_Dispatcher_Standard->dispatch(Object(Zend_Controller_Request_Http), Object(Zend_Controller_Response_Http))
> #4 C:\apps\productionToolsV2\library\Zend\Application\Bootstrap\Bootstrap.php(97): Zend_Controller_Front->dispatch()
> #5 C:\apps\productionToolsV2\library\Zend\Application.php(366): Zend_Application_Bootstrap_Bootstrap->run()
> #6 C:\apps\productionToolsV2\public\index.php(40): Zend_Application->run()
> #7 {main}
---------------------------------------------------------------------------
